2024-05-24 10:47:21,800 - fewer_activations_tune_msr - INFO - fewer_activations_tune_msr starts training !
2024-05-24 10:47:49,988 - fewer_activations_tune_msr - INFO - Evaluating - Acc: 0.6883, Loss: 0.8452
2024-05-24 10:47:50,002 - fewer_activations_tune_msr - INFO - Epoch 1, Loss: 1.1919244840581944, Acc: 0.0000, Val Acc: 0.6883, Val Loss: 0.8452
2024-05-24 10:48:12,779 - fewer_activations_tune_msr - INFO - Evaluating - Acc: 0.7130, Loss: 0.7717
2024-05-24 10:48:12,792 - fewer_activations_tune_msr - INFO - Epoch 2, Loss: 1.1186426475343376, Acc: 0.0000, Val Acc: 0.7130, Val Loss: 0.7717
2024-05-24 10:48:35,609 - fewer_activations_tune_msr - INFO - Evaluating - Acc: 0.7716, Loss: 0.7175
2024-05-24 10:48:35,609 - fewer_activations_tune_msr - INFO - Epoch 3, Loss: 1.0839360441480363, Acc: 0.0000, Val Acc: 0.7716, Val Loss: 0.7175
2024-05-24 10:48:58,479 - fewer_activations_tune_msr - INFO - Evaluating - Acc: 0.7593, Loss: 0.6840
2024-05-24 10:48:58,479 - fewer_activations_tune_msr - INFO - Epoch 4, Loss: 1.0204246864047124, Acc: 0.0000, Val Acc: 0.7593, Val Loss: 0.6840
2024-05-24 10:49:21,935 - fewer_activations_tune_msr - INFO - Evaluating - Acc: 0.8302, Loss: 0.5751
2024-05-24 10:49:21,949 - fewer_activations_tune_msr - INFO - Epoch 5, Loss: 1.0049770793567592, Acc: 0.0000, Val Acc: 0.8302, Val Loss: 0.5751
2024-05-24 10:49:46,170 - fewer_activations_tune_msr - INFO - Evaluating - Acc: 0.6728, Loss: 0.8674
2024-05-24 10:49:46,170 - fewer_activations_tune_msr - INFO - Epoch 6, Loss: 1.0176140090954082, Acc: 0.0000, Val Acc: 0.6728, Val Loss: 0.8674
2024-05-24 10:50:10,433 - fewer_activations_tune_msr - INFO - Evaluating - Acc: 0.8642, Loss: 0.4687
2024-05-24 10:50:10,433 - fewer_activations_tune_msr - INFO - Epoch 7, Loss: 0.9368009621275241, Acc: 0.0000, Val Acc: 0.8642, Val Loss: 0.4687
2024-05-24 10:50:33,563 - fewer_activations_tune_msr - INFO - Evaluating - Acc: 0.8642, Loss: 0.4523
2024-05-24 10:50:33,566 - fewer_activations_tune_msr - INFO - Epoch 8, Loss: 0.8993100625137401, Acc: 0.0000, Val Acc: 0.8642, Val Loss: 0.4523
2024-05-24 10:50:56,503 - fewer_activations_tune_msr - INFO - Evaluating - Acc: 0.8951, Loss: 0.4235
2024-05-24 10:50:56,509 - fewer_activations_tune_msr - INFO - Epoch 9, Loss: 0.8952561746626727, Acc: 0.0000, Val Acc: 0.8951, Val Loss: 0.4235
2024-05-24 10:51:19,422 - fewer_activations_tune_msr - INFO - Evaluating - Acc: 0.9012, Loss: 0.4399
2024-05-24 10:51:19,431 - fewer_activations_tune_msr - INFO - Epoch 10, Loss: 0.8866735714011198, Acc: 0.0000, Val Acc: 0.9012, Val Loss: 0.4399
2024-05-24 10:51:42,215 - fewer_activations_tune_msr - INFO - Evaluating - Acc: 0.8981, Loss: 0.4128
2024-05-24 10:51:42,215 - fewer_activations_tune_msr - INFO - Epoch 11, Loss: 0.8680893835881788, Acc: 0.0000, Val Acc: 0.8981, Val Loss: 0.4128
2024-05-24 10:52:05,225 - fewer_activations_tune_msr - INFO - Evaluating - Acc: 0.9136, Loss: 0.4222
2024-05-24 10:52:05,231 - fewer_activations_tune_msr - INFO - Epoch 12, Loss: 0.8655290210204583, Acc: 0.0000, Val Acc: 0.9136, Val Loss: 0.4222
2024-05-24 10:52:28,045 - fewer_activations_tune_msr - INFO - Evaluating - Acc: 0.9074, Loss: 0.3840
2024-05-24 10:52:28,061 - fewer_activations_tune_msr - INFO - Epoch 13, Loss: 0.8585453821964588, Acc: 0.0000, Val Acc: 0.9074, Val Loss: 0.3840
2024-05-24 10:52:50,812 - fewer_activations_tune_msr - INFO - Evaluating - Acc: 0.9259, Loss: 0.3822
2024-05-24 10:52:50,830 - fewer_activations_tune_msr - INFO - Epoch 14, Loss: 0.8784160908380892, Acc: 0.0000, Val Acc: 0.9259, Val Loss: 0.3822
2024-05-24 10:53:13,733 - fewer_activations_tune_msr - INFO - Evaluating - Acc: 0.9167, Loss: 0.4005
2024-05-24 10:53:13,733 - fewer_activations_tune_msr - INFO - Epoch 15, Loss: 0.8821666137852309, Acc: 0.0000, Val Acc: 0.9167, Val Loss: 0.4005
2024-05-24 10:53:36,831 - fewer_activations_tune_msr - INFO - Evaluating - Acc: 0.9043, Loss: 0.4027
2024-05-24 10:53:36,831 - fewer_activations_tune_msr - INFO - Epoch 16, Loss: 0.8744395031115733, Acc: 0.0000, Val Acc: 0.9043, Val Loss: 0.4027
2024-05-24 10:53:59,802 - fewer_activations_tune_msr - INFO - Evaluating - Acc: 0.9105, Loss: 0.4025
2024-05-24 10:53:59,822 - fewer_activations_tune_msr - INFO - Epoch 17, Loss: 0.8686339259383515, Acc: 0.0000, Val Acc: 0.9105, Val Loss: 0.4025
2024-05-24 10:54:22,781 - fewer_activations_tune_msr - INFO - Evaluating - Acc: 0.8981, Loss: 0.4147
2024-05-24 10:54:22,785 - fewer_activations_tune_msr - INFO - Epoch 18, Loss: 0.8548450224192944, Acc: 0.0000, Val Acc: 0.8981, Val Loss: 0.4147
2024-05-24 10:54:45,651 - fewer_activations_tune_msr - INFO - Evaluating - Acc: 0.9259, Loss: 0.3782
2024-05-24 10:54:45,656 - fewer_activations_tune_msr - INFO - Epoch 19, Loss: 0.8658910028822204, Acc: 0.0000, Val Acc: 0.9259, Val Loss: 0.3782
2024-05-24 10:55:08,635 - fewer_activations_tune_msr - INFO - Evaluating - Acc: 0.9043, Loss: 0.4080
2024-05-24 10:55:08,635 - fewer_activations_tune_msr - INFO - Epoch 20, Loss: 0.8820864641010691, Acc: 0.0000, Val Acc: 0.9043, Val Loss: 0.4080
2024-05-24 10:55:08,766 - fewer_activations_tune_msr - INFO - Model saved with val accuracy: 90.43%
2024-05-24 10:55:08,766 - fewer_activations_tune_msr - INFO - Finished Training
2024-05-24 10:58:56,896 - fewer_activations_tune_msr - INFO - Evaluating - Acc: 0.9138, Loss: 0.3977
