2024-05-23 14:03:48,671 - layernorm - INFO - layernorm starts training !
2024-05-23 14:11:13,237 - layernorm - INFO - Evaluating - Acc: 0.0155, Loss: 4.6064
2024-05-23 14:11:13,242 - layernorm - INFO - Epoch 1, Loss: 11.801149104118347, Acc: 0.0000, Val Acc: 0.0155, Val Loss: 4.6064
2024-05-23 14:18:35,823 - layernorm - INFO - Evaluating - Acc: 0.0145, Loss: 4.5498
2024-05-23 14:18:35,828 - layernorm - INFO - Epoch 2, Loss: 4.594213130633037, Acc: 0.0000, Val Acc: 0.0145, Val Loss: 4.5498
2024-05-23 14:25:56,071 - layernorm - INFO - Evaluating - Acc: 0.0185, Loss: 4.5287
2024-05-23 14:25:56,075 - layernorm - INFO - Epoch 3, Loss: 4.571380860010783, Acc: 0.0000, Val Acc: 0.0185, Val Loss: 4.5287
2024-05-23 14:33:19,716 - layernorm - INFO - Evaluating - Acc: 0.0337, Loss: 4.4598
2024-05-23 14:33:19,719 - layernorm - INFO - Epoch 4, Loss: 4.5569319178263346, Acc: 0.0000, Val Acc: 0.0337, Val Loss: 4.4598
2024-05-23 14:40:42,399 - layernorm - INFO - Evaluating - Acc: 0.0253, Loss: 4.5148
2024-05-23 14:40:42,403 - layernorm - INFO - Epoch 5, Loss: 4.542720618565878, Acc: 0.0000, Val Acc: 0.0253, Val Loss: 4.5148
2024-05-23 14:48:06,127 - layernorm - INFO - Evaluating - Acc: 0.0100, Loss: 4.6522
2024-05-23 14:48:06,131 - layernorm - INFO - Epoch 6, Loss: 70.51831739107767, Acc: 0.0000, Val Acc: 0.0100, Val Loss: 4.6522
2024-05-23 14:55:28,427 - layernorm - INFO - Evaluating - Acc: 0.0100, Loss: 4.6169
2024-05-23 14:55:28,431 - layernorm - INFO - Epoch 7, Loss: 4.617547699928283, Acc: 0.0000, Val Acc: 0.0100, Val Loss: 4.6169
2024-05-23 15:02:49,722 - layernorm - INFO - Evaluating - Acc: 0.0100, Loss: 4.6270
2024-05-23 15:02:49,727 - layernorm - INFO - Epoch 8, Loss: 4.621384203275045, Acc: 0.0000, Val Acc: 0.0100, Val Loss: 4.6270
2024-05-23 15:10:09,564 - layernorm - INFO - Evaluating - Acc: 0.0100, Loss: 4.6287
2024-05-23 15:10:09,567 - layernorm - INFO - Epoch 9, Loss: 4.630254658699036, Acc: 0.0000, Val Acc: 0.0100, Val Loss: 4.6287
2024-05-23 15:17:31,021 - layernorm - INFO - Evaluating - Acc: 0.0100, Loss: 4.6482
2024-05-23 15:17:31,024 - layernorm - INFO - Epoch 10, Loss: 4.639069196383159, Acc: 0.0000, Val Acc: 0.0100, Val Loss: 4.6482
2024-05-23 15:24:50,605 - layernorm - INFO - Evaluating - Acc: 0.0100, Loss: 4.6483
2024-05-23 15:24:50,609 - layernorm - INFO - Epoch 11, Loss: 4.648718820571899, Acc: 0.0000, Val Acc: 0.0100, Val Loss: 4.6483
2024-05-23 15:32:09,774 - layernorm - INFO - Evaluating - Acc: 0.0100, Loss: 4.6522
2024-05-23 15:32:09,778 - layernorm - INFO - Epoch 12, Loss: 4.652133735020955, Acc: 0.0000, Val Acc: 0.0100, Val Loss: 4.6522
2024-05-23 15:39:32,033 - layernorm - INFO - Evaluating - Acc: 0.0100, Loss: 4.6105
2024-05-23 15:39:32,038 - layernorm - INFO - Epoch 13, Loss: 4.612919923464458, Acc: 0.0000, Val Acc: 0.0100, Val Loss: 4.6105
2024-05-23 15:46:51,352 - layernorm - INFO - Evaluating - Acc: 0.0100, Loss: 4.6094
2024-05-23 15:46:51,354 - layernorm - INFO - Epoch 14, Loss: 4.611749805132548, Acc: 0.0000, Val Acc: 0.0100, Val Loss: 4.6094
2024-05-23 15:54:16,476 - layernorm - INFO - Evaluating - Acc: 0.0100, Loss: 4.6106
2024-05-23 15:54:16,480 - layernorm - INFO - Epoch 15, Loss: 4.6117037528355915, Acc: 0.0000, Val Acc: 0.0100, Val Loss: 4.6106
2024-05-23 16:01:40,061 - layernorm - INFO - Evaluating - Acc: 0.0100, Loss: 4.6106
2024-05-23 16:01:40,064 - layernorm - INFO - Epoch 16, Loss: 4.612036335945129, Acc: 0.0000, Val Acc: 0.0100, Val Loss: 4.6106
2024-05-23 16:09:06,106 - layernorm - INFO - Evaluating - Acc: 0.0100, Loss: 4.6105
2024-05-23 16:09:06,109 - layernorm - INFO - Epoch 17, Loss: 4.61206966082255, Acc: 0.0000, Val Acc: 0.0100, Val Loss: 4.6105
2024-05-23 16:16:34,439 - layernorm - INFO - Evaluating - Acc: 0.0100, Loss: 4.6101
2024-05-23 16:16:34,442 - layernorm - INFO - Epoch 18, Loss: 4.611924568494161, Acc: 0.0000, Val Acc: 0.0100, Val Loss: 4.6101
2024-05-23 16:24:01,524 - layernorm - INFO - Evaluating - Acc: 0.0100, Loss: 4.6056
2024-05-23 16:24:01,528 - layernorm - INFO - Epoch 19, Loss: 4.607670647303263, Acc: 0.0000, Val Acc: 0.0100, Val Loss: 4.6056
2024-05-23 16:31:27,872 - layernorm - INFO - Evaluating - Acc: 0.0100, Loss: 4.6053
2024-05-23 16:31:27,876 - layernorm - INFO - Epoch 20, Loss: 4.6062758957544965, Acc: 0.0000, Val Acc: 0.0100, Val Loss: 4.6053
2024-05-23 16:38:52,081 - layernorm - INFO - Evaluating - Acc: 0.0100, Loss: 4.6053
2024-05-23 16:38:52,085 - layernorm - INFO - Epoch 21, Loss: 4.60614945157369, Acc: 0.0000, Val Acc: 0.0100, Val Loss: 4.6053
2024-05-23 16:46:18,201 - layernorm - INFO - Evaluating - Acc: 0.0100, Loss: 4.6053
2024-05-23 16:46:18,208 - layernorm - INFO - Epoch 22, Loss: 4.606129870732626, Acc: 0.0000, Val Acc: 0.0100, Val Loss: 4.6053
2024-05-23 16:53:40,552 - layernorm - INFO - Evaluating - Acc: 0.0100, Loss: 4.6053
2024-05-23 16:53:40,561 - layernorm - INFO - Epoch 23, Loss: 4.606178032239278, Acc: 0.0000, Val Acc: 0.0100, Val Loss: 4.6053
2024-05-23 17:01:05,660 - layernorm - INFO - Evaluating - Acc: 0.0100, Loss: 4.6052
2024-05-23 17:01:05,667 - layernorm - INFO - Epoch 24, Loss: 4.606188468933105, Acc: 0.0000, Val Acc: 0.0100, Val Loss: 4.6052
2024-05-23 17:08:32,100 - layernorm - INFO - Evaluating - Acc: 0.0100, Loss: 4.6052
2024-05-23 17:08:32,103 - layernorm - INFO - Epoch 25, Loss: 4.6053522119522095, Acc: 0.0000, Val Acc: 0.0100, Val Loss: 4.6052
2024-05-23 17:15:56,555 - layernorm - INFO - Evaluating - Acc: 0.0100, Loss: 4.6052
2024-05-23 17:15:56,559 - layernorm - INFO - Epoch 26, Loss: 4.605332781473796, Acc: 0.0000, Val Acc: 0.0100, Val Loss: 4.6052
2024-05-23 17:23:22,921 - layernorm - INFO - Evaluating - Acc: 0.0100, Loss: 4.6052
2024-05-23 17:23:22,925 - layernorm - INFO - Epoch 27, Loss: 4.605319636027018, Acc: 0.0000, Val Acc: 0.0100, Val Loss: 4.6052
2024-05-23 17:30:45,672 - layernorm - INFO - Evaluating - Acc: 0.0100, Loss: 4.6052
2024-05-23 17:30:45,675 - layernorm - INFO - Epoch 28, Loss: 4.60531394259135, Acc: 0.0000, Val Acc: 0.0100, Val Loss: 4.6052
2024-05-23 17:38:14,332 - layernorm - INFO - Evaluating - Acc: 0.0100, Loss: 4.6052
2024-05-23 17:38:14,336 - layernorm - INFO - Epoch 29, Loss: 4.605307521502177, Acc: 0.0000, Val Acc: 0.0100, Val Loss: 4.6052
2024-05-23 17:45:40,205 - layernorm - INFO - Evaluating - Acc: 0.0100, Loss: 4.6052
2024-05-23 17:45:40,210 - layernorm - INFO - Epoch 30, Loss: 4.605298989931742, Acc: 0.0000, Val Acc: 0.0100, Val Loss: 4.6052
2024-05-23 17:45:40,420 - layernorm - INFO - Model saved with val accuracy: 1.00%
2024-05-23 17:45:40,420 - layernorm - INFO - Finished Training
